<?xml version="1.0" encoding="UTF-8"?>
<!-- Generated by org.testng.reporters.JUnitReportReporter -->
<testsuite hostname="Krishna" name="com.MYStore.testcases.TestLoginPage" tests="1" failures="0" timestamp="20 Jun 2018 22:39:15 GMT" time="49.291" errors="0">
  <testcase name="TestLoginPagefactionality" time="49.291" classname="com.MYStore.testcases.TestLoginPage"/>
</testsuite> <!-- com.MYStore.testcases.TestLoginPage -->
