<?xml version="1.0" encoding="UTF-8"?>
<!-- Generated by org.testng.reporters.JUnitReportReporter -->
<testsuite hostname="Krishna" name="com.MYStore.testcases.TCAddtoCart" tests="1" failures="0" timestamp="18 Jun 2018 16:32:04 GMT" time="83.429" errors="0">
  <testcase name="testAddtoCart" time="83.429" classname="com.MYStore.testcases.TCAddtoCart"/>
</testsuite> <!-- com.MYStore.testcases.TCAddtoCart -->
