<?xml version="1.0" encoding="UTF-8"?>
<!-- Generated by org.testng.reporters.JUnitReportReporter -->
<testsuite hostname="Krishna" name="com.MYStore.testcases.TC01HomePage" tests="1" failures="0" timestamp="19 Jun 2018 21:39:29 GMT" time="101.863" errors="0">
  <testcase name="TCHomePage" time="101.863" classname="com.MYStore.testcases.TC01HomePage"/>
</testsuite> <!-- com.MYStore.testcases.TC01HomePage -->
